2025-12-05T15:49:54.305+01:00  INFO 33636 --- [cp-springboot] [restartedMain] c.g.c.CpSpringbootApplication            : Starting CpSpringbootApplication using Java 21.0.9 with PID 33636 (C:\Users\GoPc\Documents\GitHub\CP Plateform\cp-springboot\target\classes started by GoPc in C:\Users\GoPc\Documents\GitHub\CP Plateform\cp-springboot)
2025-12-05T15:49:54.306+01:00  INFO 33636 --- [cp-springboot] [restartedMain] c.g.c.CpSpringbootApplication            : No active profile set, falling back to 1 default profile: "default"
2025-12-05T15:49:54.772+01:00  INFO 33636 --- [cp-springboot] [restartedMain] .s.d.r.c.RepositoryConfigurationDelegate : Bootstrapping Spring Data JPA repositories in DEFAULT mode.
2025-12-05T15:49:54.800+01:00  INFO 33636 --- [cp-springboot] [restartedMain] .s.d.r.c.RepositoryConfigurationDelegate : Finished Spring Data repository scanning in 24 ms. Found 3 JPA repository interfaces.
2025-12-05T15:49:55.087+01:00  INFO 33636 --- [cp-springboot] [restartedMain] o.s.boot.tomcat.TomcatWebServer          : Tomcat initialized with port 8080 (http)
2025-12-05T15:49:55.088+01:00  INFO 33636 --- [cp-springboot] [restartedMain] o.apache.catalina.core.StandardService   : Starting service [Tomcat]
2025-12-05T15:49:55.088+01:00  INFO 33636 --- [cp-springboot] [restartedMain] o.apache.catalina.core.StandardEngine    : Starting Servlet engine: [Apache Tomcat/11.0.14]
2025-12-05T15:49:55.131+01:00  INFO 33636 --- [cp-springboot] [restartedMain] b.w.c.s.WebApplicationContextInitializer : Root WebApplicationContext: initialization completed in 819 ms
2025-12-05T15:49:55.282+01:00  INFO 33636 --- [cp-springboot] [restartedMain] o.hibernate.jpa.internal.util.LogHelper  : HHH000204: Processing PersistenceUnitInfo [name: default]
2025-12-05T15:49:55.338+01:00  INFO 33636 --- [cp-springboot] [restartedMain] o.s.o.j.p.SpringPersistenceUnitInfo      : No LoadTimeWeaver setup: ignoring JPA class transformer
2025-12-05T15:49:55.341+01:00  INFO 33636 --- [cp-springboot] [restartedMain] com.zaxxer.hikari.HikariDataSource       : HikariPool-2 - Starting...
2025-12-05T15:49:55.348+01:00  INFO 33636 --- [cp-springboot] [restartedMain] com.zaxxer.hikari.pool.HikariPool        : HikariPool-2 - Added connection com.mysql.cj.jdbc.ConnectionImpl@5e6ae3d3
2025-12-05T15:49:55.350+01:00  INFO 33636 --- [cp-springboot] [restartedMain] com.zaxxer.hikari.HikariDataSource       : HikariPool-2 - Start completed.
2025-12-05T15:49:55.354+01:00  WARN 33636 --- [cp-springboot] [restartedMain] org.hibernate.dialect.Dialect            : HHH000511: The 5.5.5 version for [org.hibernate.dialect.MySQLDialect] is no longer supported, hence certain features may not work properly. The minimum supported version is 8.0.0. Check the community dialects project for available legacy versions.
2025-12-05T15:49:55.356+01:00  INFO 33636 --- [cp-springboot] [restartedMain] org.hibernate.orm.connections.pooling    : HHH10001005: Database info:
	Database JDBC URL [jdbc:mysql://localhost:3306/cp-plateforme]
	Database driver: MySQL Connector/J
	Database dialect: MySQLDialect
	Database version: 5.5.5
	Default catalog/schema: cp-plateforme/undefined
	Autocommit mode: undefined/unknown
	Isolation level: REPEATABLE_READ [default REPEATABLE_READ]
	JDBC fetch size: none
	Pool: DatasourceConnectionProviderImpl
	Minimum pool size: undefined/unknown
	Maximum pool size: undefined/unknown
2025-12-05T15:49:55.585+01:00  INFO 33636 --- [cp-springboot] [restartedMain] o.h.e.t.j.p.i.JtaPlatformInitiator       : HHH000489: No JTA platform available (set 'hibernate.transaction.jta.platform' to enable JTA platform integration)
2025-12-05T15:49:55.705+01:00  INFO 33636 --- [cp-springboot] [restartedMain] j.LocalContainerEntityManagerFactoryBean : Initialized JPA EntityManagerFactory for persistence unit 'default'
2025-12-05T15:49:55.866+01:00  WARN 33636 --- [cp-springboot] [restartedMain] JpaBaseConfiguration$JpaWebConfiguration : spring.jpa.open-in-view is enabled by default. Therefore, database queries may be performed during view rendering. Explicitly configure spring.jpa.open-in-view to disable this warning
2025-12-05T15:49:56.237+01:00  INFO 33636 --- [cp-springboot] [restartedMain] o.s.b.a.e.web.EndpointLinksResolver      : Exposing 1 endpoint beneath base path '/actuator'
2025-12-05T15:49:56.279+01:00  INFO 33636 --- [cp-springboot] [restartedMain] o.s.boot.tomcat.TomcatWebServer          : Tomcat started on port 8080 (http) with context path '/'
2025-12-05T15:49:56.283+01:00  INFO 33636 --- [cp-springboot] [restartedMain] c.g.c.CpSpringbootApplication            : Started CpSpringbootApplication in 2.124 seconds (process running for 208.497)
2025-12-05T15:49:56.292+01:00  INFO 33636 --- [cp-springboot] [restartedMain] .ConditionEvaluationDeltaLoggingListener : Condition evaluation delta:


==========================
CONDITION EVALUATION DELTA
==========================


Positive matches:
-----------------

   LogFileWebEndpointAutoConfiguration#logFileWebEndpoint matched:
      - Log File found logging.file.name myapp.log (LogFileWebEndpointAutoConfiguration.LogFileCondition)
      - @ConditionalOnMissingBean (types: org.springframework.boot.actuate.logging.LogFileWebEndpoint; SearchStrategy: all) did not find any beans (OnBeanCondition)


Negative matches:
-----------------

    None


Exclusions:
-----------

    None


Unconditional classes:
----------------------

    None



2025-12-05T15:49:56.397+01:00  INFO 33636 --- [cp-springboot] [SpringApplicationShutdownHook] o.s.boot.tomcat.GracefulShutdown         : Commencing graceful shutdown. Waiting for active requests to complete
2025-12-05T15:49:56.406+01:00  INFO 33636 --- [cp-springboot] [tomcat-shutdown] o.s.boot.tomcat.GracefulShutdown         : Graceful shutdown complete
2025-12-05T15:49:56.414+01:00  INFO 33636 --- [cp-springboot] [SpringApplicationShutdownHook] j.LocalContainerEntityManagerFactoryBean : Closing JPA EntityManagerFactory for persistence unit 'default'
2025-12-05T15:49:56.443+01:00  INFO 33636 --- [cp-springboot] [SpringApplicationShutdownHook] com.zaxxer.hikari.HikariDataSource       : HikariPool-2 - Shutdown initiated...
2025-12-05T15:49:56.448+01:00  INFO 33636 --- [cp-springboot] [SpringApplicationShutdownHook] com.zaxxer.hikari.HikariDataSource       : HikariPool-2 - Shutdown completed.
2025-12-05T15:50:00.842+01:00  INFO 27668 --- [cp-springboot] [restartedMain] c.g.c.CpSpringbootApplication            : Starting CpSpringbootApplication using Java 21.0.9 with PID 27668 (C:\Users\GoPc\Documents\GitHub\CP Plateform\cp-springboot\target\classes started by GoPc in C:\Users\GoPc\Documents\GitHub\CP Plateform\cp-springboot)
2025-12-05T15:50:00.850+01:00  INFO 27668 --- [cp-springboot] [restartedMain] c.g.c.CpSpringbootApplication            : No active profile set, falling back to 1 default profile: "default"
2025-12-05T15:50:00.960+01:00  INFO 27668 --- [cp-springboot] [restartedMain] .e.DevToolsPropertyDefaultsPostProcessor : Devtools property defaults active! Set 'spring.devtools.add-properties' to 'false' to disable
2025-12-05T15:50:00.960+01:00  INFO 27668 --- [cp-springboot] [restartedMain] .e.DevToolsPropertyDefaultsPostProcessor : For additional web related logging consider setting the 'logging.level.web' property to 'DEBUG'
2025-12-05T15:50:02.574+01:00  INFO 27668 --- [cp-springboot] [restartedMain] .s.d.r.c.RepositoryConfigurationDelegate : Bootstrapping Spring Data JPA repositories in DEFAULT mode.
2025-12-05T15:50:02.664+01:00  INFO 27668 --- [cp-springboot] [restartedMain] .s.d.r.c.RepositoryConfigurationDelegate : Finished Spring Data repository scanning in 75 ms. Found 3 JPA repository interfaces.
2025-12-05T15:50:03.570+01:00  INFO 27668 --- [cp-springboot] [restartedMain] o.s.boot.tomcat.TomcatWebServer          : Tomcat initialized with port 8080 (http)
2025-12-05T15:50:03.588+01:00  INFO 27668 --- [cp-springboot] [restartedMain] o.apache.catalina.core.StandardService   : Starting service [Tomcat]
2025-12-05T15:50:03.590+01:00  INFO 27668 --- [cp-springboot] [restartedMain] o.apache.catalina.core.StandardEngine    : Starting Servlet engine: [Apache Tomcat/11.0.14]
2025-12-05T15:50:03.663+01:00  INFO 27668 --- [cp-springboot] [restartedMain] b.w.c.s.WebApplicationContextInitializer : Root WebApplicationContext: initialization completed in 2701 ms
2025-12-05T15:50:04.162+01:00  INFO 27668 --- [cp-springboot] [restartedMain] o.hibernate.jpa.internal.util.LogHelper  : HHH000204: Processing PersistenceUnitInfo [name: default]
2025-12-05T15:50:04.246+01:00  INFO 27668 --- [cp-springboot] [restartedMain] org.hibernate.Version                    : HHH000412: Hibernate ORM core version 7.1.8.Final
2025-12-05T15:50:05.078+01:00  INFO 27668 --- [cp-springboot] [restartedMain] o.s.o.j.p.SpringPersistenceUnitInfo      : No LoadTimeWeaver setup: ignoring JPA class transformer
2025-12-05T15:50:05.128+01:00  INFO 27668 --- [cp-springboot] [restartedMain] com.zaxxer.hikari.HikariDataSource       : HikariPool-1 - Starting...
2025-12-05T15:50:05.445+01:00  INFO 27668 --- [cp-springboot] [restartedMain] com.zaxxer.hikari.pool.HikariPool        : HikariPool-1 - Added connection com.mysql.cj.jdbc.ConnectionImpl@64b1fe3b
2025-12-05T15:50:05.448+01:00  INFO 27668 --- [cp-springboot] [restartedMain] com.zaxxer.hikari.HikariDataSource       : HikariPool-1 - Start completed.
2025-12-05T15:50:05.535+01:00  WARN 27668 --- [cp-springboot] [restartedMain] org.hibernate.dialect.Dialect            : HHH000511: The 5.5.5 version for [org.hibernate.dialect.MySQLDialect] is no longer supported, hence certain features may not work properly. The minimum supported version is 8.0.0. Check the community dialects project for available legacy versions.
2025-12-05T15:50:05.567+01:00  INFO 27668 --- [cp-springboot] [restartedMain] org.hibernate.orm.connections.pooling    : HHH10001005: Database info:
	Database JDBC URL [jdbc:mysql://localhost:3306/cp-plateforme]
	Database driver: MySQL Connector/J
	Database dialect: MySQLDialect
	Database version: 5.5.5
	Default catalog/schema: cp-plateforme/undefined
	Autocommit mode: undefined/unknown
	Isolation level: REPEATABLE_READ [default REPEATABLE_READ]
	JDBC fetch size: none
	Pool: DatasourceConnectionProviderImpl
	Minimum pool size: undefined/unknown
	Maximum pool size: undefined/unknown
2025-12-05T15:50:07.149+01:00  INFO 27668 --- [cp-springboot] [restartedMain] o.h.e.t.j.p.i.JtaPlatformInitiator       : HHH000489: No JTA platform available (set 'hibernate.transaction.jta.platform' to enable JTA platform integration)
2025-12-05T15:50:07.307+01:00  INFO 27668 --- [cp-springboot] [restartedMain] j.LocalContainerEntityManagerFactoryBean : Initialized JPA EntityManagerFactory for persistence unit 'default'
2025-12-05T15:50:07.471+01:00  INFO 27668 --- [cp-springboot] [restartedMain] o.s.d.j.r.query.QueryEnhancerFactories   : Hibernate is in classpath; If applicable, HQL parser will be used.
2025-12-05T15:50:09.117+01:00  WARN 27668 --- [cp-springboot] [restartedMain] JpaBaseConfiguration$JpaWebConfiguration : spring.jpa.open-in-view is enabled by default. Therefore, database queries may be performed during view rendering. Explicitly configure spring.jpa.open-in-view to disable this warning
2025-12-05T15:50:10.067+01:00  INFO 27668 --- [cp-springboot] [restartedMain] o.s.b.a.e.web.EndpointLinksResolver      : Exposing 1 endpoint beneath base path '/actuator'
2025-12-05T15:50:10.194+01:00  INFO 27668 --- [cp-springboot] [restartedMain] o.s.boot.tomcat.TomcatWebServer          : Tomcat started on port 8080 (http) with context path '/'
2025-12-05T15:50:10.209+01:00  INFO 27668 --- [cp-springboot] [restartedMain] c.g.c.CpSpringbootApplication            : Started CpSpringbootApplication in 10.293 seconds (process running for 12.615)
2025-12-05T15:50:10.621+01:00  INFO 27668 --- [cp-springboot] [RMI TCP Connection(1)-192.155.55.3] o.a.c.c.C.[Tomcat].[localhost].[/]       : Initializing Spring DispatcherServlet 'dispatcherServlet'
2025-12-05T15:50:10.622+01:00  INFO 27668 --- [cp-springboot] [RMI TCP Connection(1)-192.155.55.3] o.s.web.servlet.DispatcherServlet        : Initializing Servlet 'dispatcherServlet'
2025-12-05T15:50:10.627+01:00  INFO 27668 --- [cp-springboot] [RMI TCP Connection(1)-192.155.55.3] o.s.web.servlet.DispatcherServlet        : Completed initialization in 4 ms
2025-12-05T15:55:16.103+01:00  INFO 27668 --- [cp-springboot] [SpringApplicationShutdownHook] o.s.boot.tomcat.GracefulShutdown         : Commencing graceful shutdown. Waiting for active requests to complete
2025-12-05T15:55:16.113+01:00  INFO 27668 --- [cp-springboot] [tomcat-shutdown] o.s.boot.tomcat.GracefulShutdown         : Graceful shutdown complete
2025-12-05T15:55:16.129+01:00  INFO 27668 --- [cp-springboot] [SpringApplicationShutdownHook] j.LocalContainerEntityManagerFactoryBean : Closing JPA EntityManagerFactory for persistence unit 'default'
2025-12-05T15:55:16.136+01:00  INFO 27668 --- [cp-springboot] [SpringApplicationShutdownHook] com.zaxxer.hikari.HikariDataSource       : HikariPool-1 - Shutdown initiated...
2025-12-05T15:55:16.148+01:00  INFO 27668 --- [cp-springboot] [SpringApplicationShutdownHook] com.zaxxer.hikari.HikariDataSource       : HikariPool-1 - Shutdown completed.
2025-12-05T15:55:38.028+01:00  INFO 18668 --- [cp-springboot] [restartedMain] c.g.c.CpSpringbootApplication            : Starting CpSpringbootApplication using Java 21.0.9 with PID 18668 (C:\Users\GoPc\Documents\GitHub\CP Plateform\cp-springboot\target\classes started by GoPc in C:\Users\GoPc\Documents\GitHub\CP Plateform\cp-springboot)
2025-12-05T15:55:38.034+01:00  INFO 18668 --- [cp-springboot] [restartedMain] c.g.c.CpSpringbootApplication            : No active profile set, falling back to 1 default profile: "default"
2025-12-05T15:55:38.130+01:00  INFO 18668 --- [cp-springboot] [restartedMain] .e.DevToolsPropertyDefaultsPostProcessor : Devtools property defaults active! Set 'spring.devtools.add-properties' to 'false' to disable
2025-12-05T15:55:38.130+01:00  INFO 18668 --- [cp-springboot] [restartedMain] .e.DevToolsPropertyDefaultsPostProcessor : For additional web related logging consider setting the 'logging.level.web' property to 'DEBUG'
2025-12-05T15:55:39.465+01:00  INFO 18668 --- [cp-springboot] [restartedMain] .s.d.r.c.RepositoryConfigurationDelegate : Bootstrapping Spring Data JPA repositories in DEFAULT mode.
2025-12-05T15:55:39.549+01:00  INFO 18668 --- [cp-springboot] [restartedMain] .s.d.r.c.RepositoryConfigurationDelegate : Finished Spring Data repository scanning in 69 ms. Found 3 JPA repository interfaces.
2025-12-05T15:55:40.406+01:00  INFO 18668 --- [cp-springboot] [restartedMain] o.s.boot.tomcat.TomcatWebServer          : Tomcat initialized with port 8080 (http)
2025-12-05T15:55:40.425+01:00  INFO 18668 --- [cp-springboot] [restartedMain] o.apache.catalina.core.StandardService   : Starting service [Tomcat]
2025-12-05T15:55:40.426+01:00  INFO 18668 --- [cp-springboot] [restartedMain] o.apache.catalina.core.StandardEngine    : Starting Servlet engine: [Apache Tomcat/11.0.14]
2025-12-05T15:55:40.521+01:00  INFO 18668 --- [cp-springboot] [restartedMain] b.w.c.s.WebApplicationContextInitializer : Root WebApplicationContext: initialization completed in 2389 ms
2025-12-05T15:55:40.909+01:00  INFO 18668 --- [cp-springboot] [restartedMain] o.hibernate.jpa.internal.util.LogHelper  : HHH000204: Processing PersistenceUnitInfo [name: default]
2025-12-05T15:55:40.976+01:00  INFO 18668 --- [cp-springboot] [restartedMain] org.hibernate.Version                    : HHH000412: Hibernate ORM core version 7.1.8.Final
2025-12-05T15:55:41.812+01:00  INFO 18668 --- [cp-springboot] [restartedMain] o.s.o.j.p.SpringPersistenceUnitInfo      : No LoadTimeWeaver setup: ignoring JPA class transformer
2025-12-05T15:55:41.865+01:00  INFO 18668 --- [cp-springboot] [restartedMain] com.zaxxer.hikari.HikariDataSource       : HikariPool-1 - Starting...
2025-12-05T15:55:42.096+01:00  INFO 18668 --- [cp-springboot] [restartedMain] com.zaxxer.hikari.pool.HikariPool        : HikariPool-1 - Added connection com.mysql.cj.jdbc.ConnectionImpl@7e578d62
2025-12-05T15:55:42.098+01:00  INFO 18668 --- [cp-springboot] [restartedMain] com.zaxxer.hikari.HikariDataSource       : HikariPool-1 - Start completed.
2025-12-05T15:55:42.180+01:00  WARN 18668 --- [cp-springboot] [restartedMain] org.hibernate.dialect.Dialect            : HHH000511: The 5.5.5 version for [org.hibernate.dialect.MySQLDialect] is no longer supported, hence certain features may not work properly. The minimum supported version is 8.0.0. Check the community dialects project for available legacy versions.
2025-12-05T15:55:42.215+01:00  INFO 18668 --- [cp-springboot] [restartedMain] org.hibernate.orm.connections.pooling    : HHH10001005: Database info:
	Database JDBC URL [jdbc:mysql://localhost:3306/cp-plateforme]
	Database driver: MySQL Connector/J
	Database dialect: MySQLDialect
	Database version: 5.5.5
	Default catalog/schema: cp-plateforme/undefined
	Autocommit mode: undefined/unknown
	Isolation level: REPEATABLE_READ [default REPEATABLE_READ]
	JDBC fetch size: none
	Pool: DatasourceConnectionProviderImpl
	Minimum pool size: undefined/unknown
	Maximum pool size: undefined/unknown
2025-12-05T15:55:43.516+01:00  INFO 18668 --- [cp-springboot] [restartedMain] o.h.e.t.j.p.i.JtaPlatformInitiator       : HHH000489: No JTA platform available (set 'hibernate.transaction.jta.platform' to enable JTA platform integration)
2025-12-05T15:55:43.671+01:00  INFO 18668 --- [cp-springboot] [restartedMain] j.LocalContainerEntityManagerFactoryBean : Initialized JPA EntityManagerFactory for persistence unit 'default'
2025-12-05T15:55:43.825+01:00  INFO 18668 --- [cp-springboot] [restartedMain] o.s.d.j.r.query.QueryEnhancerFactories   : Hibernate is in classpath; If applicable, HQL parser will be used.
2025-12-05T15:55:45.265+01:00  WARN 18668 --- [cp-springboot] [restartedMain] JpaBaseConfiguration$JpaWebConfiguration : spring.jpa.open-in-view is enabled by default. Therefore, database queries may be performed during view rendering. Explicitly configure spring.jpa.open-in-view to disable this warning
2025-12-05T15:55:46.183+01:00  INFO 18668 --- [cp-springboot] [restartedMain] o.s.b.a.e.web.EndpointLinksResolver      : Exposing 1 endpoint beneath base path '/actuator'
2025-12-05T15:55:46.386+01:00  INFO 18668 --- [cp-springboot] [restartedMain] o.s.boot.tomcat.TomcatWebServer          : Tomcat started on port 8080 (http) with context path '/'
2025-12-05T15:55:46.402+01:00  INFO 18668 --- [cp-springboot] [restartedMain] c.g.c.CpSpringbootApplication            : Started CpSpringbootApplication in 9.162 seconds (process running for 10.57)
2025-12-05T15:55:47.029+01:00  INFO 18668 --- [cp-springboot] [RMI TCP Connection(2)-192.155.55.3] o.a.c.c.C.[Tomcat].[localhost].[/]       : Initializing Spring DispatcherServlet 'dispatcherServlet'
2025-12-05T15:55:47.031+01:00  INFO 18668 --- [cp-springboot] [RMI TCP Connection(2)-192.155.55.3] o.s.web.servlet.DispatcherServlet        : Initializing Servlet 'dispatcherServlet'
2025-12-05T15:55:47.041+01:00  INFO 18668 --- [cp-springboot] [RMI TCP Connection(2)-192.155.55.3] o.s.web.servlet.DispatcherServlet        : Completed initialization in 8 ms
2025-12-05T15:56:03.748+01:00  INFO 18668 --- [cp-springboot] [SpringApplicationShutdownHook] o.s.boot.tomcat.GracefulShutdown         : Commencing graceful shutdown. Waiting for active requests to complete
2025-12-05T15:56:03.760+01:00  INFO 18668 --- [cp-springboot] [tomcat-shutdown] o.s.boot.tomcat.GracefulShutdown         : Graceful shutdown complete
2025-12-05T15:56:03.770+01:00  INFO 18668 --- [cp-springboot] [SpringApplicationShutdownHook] j.LocalContainerEntityManagerFactoryBean : Closing JPA EntityManagerFactory for persistence unit 'default'
2025-12-05T15:56:03.777+01:00  INFO 18668 --- [cp-springboot] [SpringApplicationShutdownHook] com.zaxxer.hikari.HikariDataSource       : HikariPool-1 - Shutdown initiated...
2025-12-05T15:56:03.788+01:00  INFO 18668 --- [cp-springboot] [SpringApplicationShutdownHook] com.zaxxer.hikari.HikariDataSource       : HikariPool-1 - Shutdown completed.
2025-12-05T19:55:44.983+01:00  INFO 28856 --- [cp-springboot] [restartedMain] c.g.c.CpSpringbootApplication            : Starting CpSpringbootApplication using Java 21.0.9 with PID 28856 (C:\Users\GoPc\Documents\GitHub\CP Plateform\cp-springboot\target\classes started by GoPc in C:\Users\GoPc\Documents\GitHub\CP Plateform\cp-springboot)
2025-12-05T19:55:44.986+01:00  INFO 28856 --- [cp-springboot] [restartedMain] c.g.c.CpSpringbootApplication            : No active profile set, falling back to 1 default profile: "default"
2025-12-05T19:55:45.045+01:00  INFO 28856 --- [cp-springboot] [restartedMain] .e.DevToolsPropertyDefaultsPostProcessor : Devtools property defaults active! Set 'spring.devtools.add-properties' to 'false' to disable
2025-12-05T19:55:45.045+01:00  INFO 28856 --- [cp-springboot] [restartedMain] .e.DevToolsPropertyDefaultsPostProcessor : For additional web related logging consider setting the 'logging.level.web' property to 'DEBUG'
2025-12-05T19:55:46.031+01:00  INFO 28856 --- [cp-springboot] [restartedMain] .s.d.r.c.RepositoryConfigurationDelegate : Bootstrapping Spring Data JPA repositories in DEFAULT mode.
2025-12-05T19:55:46.099+01:00  INFO 28856 --- [cp-springboot] [restartedMain] .s.d.r.c.RepositoryConfigurationDelegate : Finished Spring Data repository scanning in 56 ms. Found 3 JPA repository interfaces.
2025-12-05T19:55:46.695+01:00  INFO 28856 --- [cp-springboot] [restartedMain] o.s.boot.tomcat.TomcatWebServer          : Tomcat initialized with port 8080 (http)
2025-12-05T19:55:46.715+01:00  INFO 28856 --- [cp-springboot] [restartedMain] o.apache.catalina.core.StandardService   : Starting service [Tomcat]
2025-12-05T19:55:46.715+01:00  INFO 28856 --- [cp-springboot] [restartedMain] o.apache.catalina.core.StandardEngine    : Starting Servlet engine: [Apache Tomcat/11.0.14]
2025-12-05T19:55:46.764+01:00  INFO 28856 --- [cp-springboot] [restartedMain] b.w.c.s.WebApplicationContextInitializer : Root WebApplicationContext: initialization completed in 1718 ms
2025-12-05T19:55:47.063+01:00  INFO 28856 --- [cp-springboot] [restartedMain] o.hibernate.jpa.internal.util.LogHelper  : HHH000204: Processing PersistenceUnitInfo [name: default]
2025-12-05T19:55:47.163+01:00  INFO 28856 --- [cp-springboot] [restartedMain] org.hibernate.Version                    : HHH000412: Hibernate ORM core version 7.1.8.Final
2025-12-05T19:55:47.778+01:00  INFO 28856 --- [cp-springboot] [restartedMain] o.s.o.j.p.SpringPersistenceUnitInfo      : No LoadTimeWeaver setup: ignoring JPA class transformer
2025-12-05T19:55:47.821+01:00  INFO 28856 --- [cp-springboot] [restartedMain] com.zaxxer.hikari.HikariDataSource       : HikariPool-1 - Starting...
2025-12-05T19:55:48.004+01:00  INFO 28856 --- [cp-springboot] [restartedMain] com.zaxxer.hikari.pool.HikariPool        : HikariPool-1 - Added connection com.mysql.cj.jdbc.ConnectionImpl@76cd250f
2025-12-05T19:55:48.006+01:00  INFO 28856 --- [cp-springboot] [restartedMain] com.zaxxer.hikari.HikariDataSource       : HikariPool-1 - Start completed.
2025-12-05T19:55:48.073+01:00  WARN 28856 --- [cp-springboot] [restartedMain] org.hibernate.dialect.Dialect            : HHH000511: The 5.5.5 version for [org.hibernate.dialect.MySQLDialect] is no longer supported, hence certain features may not work properly. The minimum supported version is 8.0.0. Check the community dialects project for available legacy versions.
2025-12-05T19:55:48.097+01:00  INFO 28856 --- [cp-springboot] [restartedMain] org.hibernate.orm.connections.pooling    : HHH10001005: Database info:
	Database JDBC URL [jdbc:mysql://localhost:3306/cp-plateforme]
	Database driver: MySQL Connector/J
	Database dialect: MySQLDialect
	Database version: 5.5.5
	Default catalog/schema: cp-plateforme/undefined
	Autocommit mode: undefined/unknown
	Isolation level: REPEATABLE_READ [default REPEATABLE_READ]
	JDBC fetch size: none
	Pool: DatasourceConnectionProviderImpl
	Minimum pool size: undefined/unknown
	Maximum pool size: undefined/unknown
2025-12-05T19:55:49.272+01:00  INFO 28856 --- [cp-springboot] [restartedMain] o.h.e.t.j.p.i.JtaPlatformInitiator       : HHH000489: No JTA platform available (set 'hibernate.transaction.jta.platform' to enable JTA platform integration)
2025-12-05T19:55:49.356+01:00  INFO 28856 --- [cp-springboot] [restartedMain] j.LocalContainerEntityManagerFactoryBean : Initialized JPA EntityManagerFactory for persistence unit 'default'
2025-12-05T19:55:49.460+01:00  INFO 28856 --- [cp-springboot] [restartedMain] o.s.d.j.r.query.QueryEnhancerFactories   : Hibernate is in classpath; If applicable, HQL parser will be used.
2025-12-05T19:55:50.584+01:00  WARN 28856 --- [cp-springboot] [restartedMain] JpaBaseConfiguration$JpaWebConfiguration : spring.jpa.open-in-view is enabled by default. Therefore, database queries may be performed during view rendering. Explicitly configure spring.jpa.open-in-view to disable this warning
2025-12-05T19:55:51.158+01:00  INFO 28856 --- [cp-springboot] [restartedMain] o.s.b.a.e.web.EndpointLinksResolver      : Exposing 1 endpoint beneath base path '/actuator'
2025-12-05T19:55:51.244+01:00  INFO 28856 --- [cp-springboot] [restartedMain] o.s.boot.tomcat.TomcatWebServer          : Tomcat started on port 8080 (http) with context path '/'
2025-12-05T19:55:51.251+01:00  INFO 28856 --- [cp-springboot] [restartedMain] c.g.c.CpSpringbootApplication            : Started CpSpringbootApplication in 6.856 seconds (process running for 8.48)
2025-12-05T19:55:51.890+01:00  INFO 28856 --- [cp-springboot] [RMI TCP Connection(2)-192.155.55.3] o.a.c.c.C.[Tomcat].[localhost].[/]       : Initializing Spring DispatcherServlet 'dispatcherServlet'
2025-12-05T19:55:51.891+01:00  INFO 28856 --- [cp-springboot] [RMI TCP Connection(2)-192.155.55.3] o.s.web.servlet.DispatcherServlet        : Initializing Servlet 'dispatcherServlet'
2025-12-05T19:55:51.893+01:00  INFO 28856 --- [cp-springboot] [RMI TCP Connection(2)-192.155.55.3] o.s.web.servlet.DispatcherServlet        : Completed initialization in 2 ms
2025-12-05T20:01:27.724+01:00  INFO 28856 --- [cp-springboot] [File Watcher] rtingClassPathChangeChangedEventListener : Restarting due to 1 class path change (0 additions, 0 deletions, 1 modification)
2025-12-05T20:01:27.737+01:00  INFO 28856 --- [cp-springboot] [Thread-1] o.s.boot.tomcat.GracefulShutdown         : Commencing graceful shutdown. Waiting for active requests to complete
2025-12-05T20:01:27.761+01:00  INFO 28856 --- [cp-springboot] [tomcat-shutdown] o.s.boot.tomcat.GracefulShutdown         : Graceful shutdown complete
2025-12-05T20:01:27.772+01:00  INFO 28856 --- [cp-springboot] [Thread-1] j.LocalContainerEntityManagerFactoryBean : Closing JPA EntityManagerFactory for persistence unit 'default'
2025-12-05T20:01:27.779+01:00  INFO 28856 --- [cp-springboot] [Thread-1] com.zaxxer.hikari.HikariDataSource       : HikariPool-1 - Shutdown initiated...
2025-12-05T20:01:27.823+01:00  INFO 28856 --- [cp-springboot] [Thread-1] com.zaxxer.hikari.HikariDataSource       : HikariPool-1 - Shutdown completed.
2025-12-05T20:01:28.017+01:00  INFO 28856 --- [cp-springboot] [restartedMain] c.g.c.CpSpringbootApplication            : Starting CpSpringbootApplication using Java 21.0.9 with PID 28856 (C:\Users\GoPc\Documents\GitHub\CP Plateform\cp-springboot\target\classes started by GoPc in C:\Users\GoPc\Documents\GitHub\CP Plateform\cp-springboot)
2025-12-05T20:01:28.018+01:00  INFO 28856 --- [cp-springboot] [restartedMain] c.g.c.CpSpringbootApplication            : No active profile set, falling back to 1 default profile: "default"
2025-12-05T20:01:28.424+01:00  INFO 28856 --- [cp-springboot] [restartedMain] .s.d.r.c.RepositoryConfigurationDelegate : Bootstrapping Spring Data JPA repositories in DEFAULT mode.
2025-12-05T20:01:28.450+01:00  INFO 28856 --- [cp-springboot] [restartedMain] .s.d.r.c.RepositoryConfigurationDelegate : Finished Spring Data repository scanning in 22 ms. Found 3 JPA repository interfaces.
2025-12-05T20:01:28.707+01:00  INFO 28856 --- [cp-springboot] [restartedMain] o.s.boot.tomcat.TomcatWebServer          : Tomcat initialized with port 8080 (http)
2025-12-05T20:01:28.711+01:00  INFO 28856 --- [cp-springboot] [restartedMain] o.apache.catalina.core.StandardService   : Starting service [Tomcat]
2025-12-05T20:01:28.712+01:00  INFO 28856 --- [cp-springboot] [restartedMain] o.apache.catalina.core.StandardEngine    : Starting Servlet engine: [Apache Tomcat/11.0.14]
2025-12-05T20:01:28.749+01:00  INFO 28856 --- [cp-springboot] [restartedMain] b.w.c.s.WebApplicationContextInitializer : Root WebApplicationContext: initialization completed in 727 ms
2025-12-05T20:01:28.892+01:00  INFO 28856 --- [cp-springboot] [restartedMain] o.hibernate.jpa.internal.util.LogHelper  : HHH000204: Processing PersistenceUnitInfo [name: default]
2025-12-05T20:01:28.958+01:00  INFO 28856 --- [cp-springboot] [restartedMain] o.s.o.j.p.SpringPersistenceUnitInfo      : No LoadTimeWeaver setup: ignoring JPA class transformer
2025-12-05T20:01:28.961+01:00  INFO 28856 --- [cp-springboot] [restartedMain] com.zaxxer.hikari.HikariDataSource       : HikariPool-2 - Starting...
2025-12-05T20:01:28.967+01:00  INFO 28856 --- [cp-springboot] [restartedMain] com.zaxxer.hikari.pool.HikariPool        : HikariPool-2 - Added connection com.mysql.cj.jdbc.ConnectionImpl@7739792
2025-12-05T20:01:28.968+01:00  INFO 28856 --- [cp-springboot] [restartedMain] com.zaxxer.hikari.HikariDataSource       : HikariPool-2 - Start completed.
2025-12-05T20:01:28.971+01:00  WARN 28856 --- [cp-springboot] [restartedMain] org.hibernate.dialect.Dialect            : HHH000511: The 5.5.5 version for [org.hibernate.dialect.MySQLDialect] is no longer supported, hence certain features may not work properly. The minimum supported version is 8.0.0. Check the community dialects project for available legacy versions.
2025-12-05T20:01:28.973+01:00  INFO 28856 --- [cp-springboot] [restartedMain] org.hibernate.orm.connections.pooling    : HHH10001005: Database info:
	Database JDBC URL [jdbc:mysql://localhost:3306/cp-plateforme]
	Database driver: MySQL Connector/J
	Database dialect: MySQLDialect
	Database version: 5.5.5
	Default catalog/schema: cp-plateforme/undefined
	Autocommit mode: undefined/unknown
	Isolation level: REPEATABLE_READ [default REPEATABLE_READ]
	JDBC fetch size: none
	Pool: DatasourceConnectionProviderImpl
	Minimum pool size: undefined/unknown
	Maximum pool size: undefined/unknown
2025-12-05T20:01:29.111+01:00  INFO 28856 --- [cp-springboot] [restartedMain] o.h.e.t.j.p.i.JtaPlatformInitiator       : HHH000489: No JTA platform available (set 'hibernate.transaction.jta.platform' to enable JTA platform integration)
2025-12-05T20:01:29.184+01:00  INFO 28856 --- [cp-springboot] [restartedMain] j.LocalContainerEntityManagerFactoryBean : Initialized JPA EntityManagerFactory for persistence unit 'default'
2025-12-05T20:01:29.286+01:00  WARN 28856 --- [cp-springboot] [restartedMain] JpaBaseConfiguration$JpaWebConfiguration : spring.jpa.open-in-view is enabled by default. Therefore, database queries may be performed during view rendering. Explicitly configure spring.jpa.open-in-view to disable this warning
2025-12-05T20:01:29.575+01:00  INFO 28856 --- [cp-springboot] [restartedMain] o.s.b.a.e.web.EndpointLinksResolver      : Exposing 3 endpoints beneath base path '/actuator'
2025-12-05T20:01:29.618+01:00  INFO 28856 --- [cp-springboot] [restartedMain] o.s.boot.tomcat.TomcatWebServer          : Tomcat started on port 8080 (http) with context path '/'
2025-12-05T20:01:29.624+01:00  INFO 28856 --- [cp-springboot] [restartedMain] c.g.c.CpSpringbootApplication            : Started CpSpringbootApplication in 1.656 seconds (process running for 346.854)
2025-12-05T20:01:29.632+01:00  INFO 28856 --- [cp-springboot] [restartedMain] .ConditionEvaluationDeltaLoggingListener : Condition evaluation delta:


==========================
CONDITION EVALUATION DELTA
==========================


Positive matches:
-----------------

   HealthEndpointWebExtensionConfiguration matched:
      - found 'session' scope (OnWebApplicationCondition)
      - @ConditionalOnAvailableEndpoint marked as exposed by a 'management.endpoints.web.exposure' property (OnAvailableEndpointCondition)
      - @ConditionalOnBean (types: org.springframework.boot.health.actuate.endpoint.HealthEndpoint; SearchStrategy: all) found bean 'healthEndpoint' (OnBeanCondition)

   HealthEndpointWebExtensionConfiguration#healthEndpointWebExtension matched:
      - @ConditionalOnMissingBean (types: org.springframework.boot.health.actuate.endpoint.HealthEndpointWebExtension; SearchStrategy: all) did not find any beans (OnBeanCondition)

   WebMvcHealthEndpointExtensionAutoConfiguration matched:
      - @ConditionalOnClass found required class 'org.springframework.boot.health.actuate.endpoint.HealthEndpoint' (OnClassCondition)
      - found 'session' scope (OnWebApplicationCondition)
      - @ConditionalOnAvailableEndpoint marked as exposed by a 'management.endpoints.web.exposure' property (OnAvailableEndpointCondition)
      - @ConditionalOnBean (types: org.springframework.boot.health.actuate.endpoint.HealthEndpoint,org.springframework.boot.actuate.endpoint.web.WebEndpointsSupplier,org.springframework.boot.health.actuate.endpoint.HealthEndpointGroups; SearchStrategy: all) found beans 'webEndpointDiscoverer', 'healthEndpoint', 'healthEndpointGroups' (OnBeanCondition)


Negative matches:
-----------------

    None


Exclusions:
-----------

    None


Unconditional classes:
----------------------

    None



2025-12-05T20:02:19.928+01:00  INFO 28856 --- [cp-springboot] [File Watcher] rtingClassPathChangeChangedEventListener : Restarting due to 1 class path change (0 additions, 0 deletions, 1 modification)
2025-12-05T20:02:19.930+01:00  INFO 28856 --- [cp-springboot] [Thread-5] o.s.boot.tomcat.GracefulShutdown         : Commencing graceful shutdown. Waiting for active requests to complete
2025-12-05T20:02:19.934+01:00  INFO 28856 --- [cp-springboot] [tomcat-shutdown] o.s.boot.tomcat.GracefulShutdown         : Graceful shutdown complete
2025-12-05T20:02:19.938+01:00  INFO 28856 --- [cp-springboot] [Thread-5] j.LocalContainerEntityManagerFactoryBean : Closing JPA EntityManagerFactory for persistence unit 'default'
2025-12-05T20:02:19.939+01:00  INFO 28856 --- [cp-springboot] [Thread-5] com.zaxxer.hikari.HikariDataSource       : HikariPool-2 - Shutdown initiated...
2025-12-05T20:02:19.941+01:00  INFO 28856 --- [cp-springboot] [Thread-5] com.zaxxer.hikari.HikariDataSource       : HikariPool-2 - Shutdown completed.
2025-12-05T20:02:20.060+01:00  INFO 28856 --- [cp-springboot] [restartedMain] c.g.c.CpSpringbootApplication            : Starting CpSpringbootApplication using Java 21.0.9 with PID 28856 (C:\Users\GoPc\Documents\GitHub\CP Plateform\cp-springboot\target\classes started by GoPc in C:\Users\GoPc\Documents\GitHub\CP Plateform\cp-springboot)
2025-12-05T20:02:20.061+01:00  INFO 28856 --- [cp-springboot] [restartedMain] c.g.c.CpSpringbootApplication            : No active profile set, falling back to 1 default profile: "default"
2025-12-05T20:02:20.320+01:00  INFO 28856 --- [cp-springboot] [restartedMain] .s.d.r.c.RepositoryConfigurationDelegate : Bootstrapping Spring Data JPA repositories in DEFAULT mode.
2025-12-05T20:02:20.337+01:00  INFO 28856 --- [cp-springboot] [restartedMain] .s.d.r.c.RepositoryConfigurationDelegate : Finished Spring Data repository scanning in 15 ms. Found 3 JPA repository interfaces.
2025-12-05T20:02:20.465+01:00  INFO 28856 --- [cp-springboot] [restartedMain] o.s.boot.tomcat.TomcatWebServer          : Tomcat initialized with port 8080 (http)
2025-12-05T20:02:20.466+01:00  INFO 28856 --- [cp-springboot] [restartedMain] o.apache.catalina.core.StandardService   : Starting service [Tomcat]
2025-12-05T20:02:20.466+01:00  INFO 28856 --- [cp-springboot] [restartedMain] o.apache.catalina.core.StandardEngine    : Starting Servlet engine: [Apache Tomcat/11.0.14]
2025-12-05T20:02:20.483+01:00  INFO 28856 --- [cp-springboot] [restartedMain] b.w.c.s.WebApplicationContextInitializer : Root WebApplicationContext: initialization completed in 420 ms
2025-12-05T20:02:20.540+01:00  INFO 28856 --- [cp-springboot] [restartedMain] o.hibernate.jpa.internal.util.LogHelper  : HHH000204: Processing PersistenceUnitInfo [name: default]
2025-12-05T20:02:20.564+01:00  INFO 28856 --- [cp-springboot] [restartedMain] o.s.o.j.p.SpringPersistenceUnitInfo      : No LoadTimeWeaver setup: ignoring JPA class transformer
2025-12-05T20:02:20.565+01:00  INFO 28856 --- [cp-springboot] [restartedMain] com.zaxxer.hikari.HikariDataSource       : HikariPool-3 - Starting...
2025-12-05T20:02:20.569+01:00  INFO 28856 --- [cp-springboot] [restartedMain] com.zaxxer.hikari.pool.HikariPool        : HikariPool-3 - Added connection com.mysql.cj.jdbc.ConnectionImpl@2e5a94d5
2025-12-05T20:02:20.570+01:00  INFO 28856 --- [cp-springboot] [restartedMain] com.zaxxer.hikari.HikariDataSource       : HikariPool-3 - Start completed.
2025-12-05T20:02:20.571+01:00  WARN 28856 --- [cp-springboot] [restartedMain] org.hibernate.dialect.Dialect            : HHH000511: The 5.5.5 version for [org.hibernate.dialect.MySQLDialect] is no longer supported, hence certain features may not work properly. The minimum supported version is 8.0.0. Check the community dialects project for available legacy versions.
2025-12-05T20:02:20.572+01:00  INFO 28856 --- [cp-springboot] [restartedMain] org.hibernate.orm.connections.pooling    : HHH10001005: Database info:
	Database JDBC URL [jdbc:mysql://localhost:3306/cp-plateforme]
	Database driver: MySQL Connector/J
	Database dialect: MySQLDialect
	Database version: 5.5.5
	Default catalog/schema: cp-plateforme/undefined
	Autocommit mode: undefined/unknown
	Isolation level: REPEATABLE_READ [default REPEATABLE_READ]
	JDBC fetch size: none
	Pool: DatasourceConnectionProviderImpl
	Minimum pool size: undefined/unknown
	Maximum pool size: undefined/unknown
2025-12-05T20:02:20.656+01:00  INFO 28856 --- [cp-springboot] [restartedMain] o.h.e.t.j.p.i.JtaPlatformInitiator       : HHH000489: No JTA platform available (set 'hibernate.transaction.jta.platform' to enable JTA platform integration)
2025-12-05T20:02:20.692+01:00  INFO 28856 --- [cp-springboot] [restartedMain] j.LocalContainerEntityManagerFactoryBean : Initialized JPA EntityManagerFactory for persistence unit 'default'
2025-12-05T20:02:20.762+01:00  WARN 28856 --- [cp-springboot] [restartedMain] JpaBaseConfiguration$JpaWebConfiguration : spring.jpa.open-in-view is enabled by default. Therefore, database queries may be performed during view rendering. Explicitly configure spring.jpa.open-in-view to disable this warning
2025-12-05T20:02:20.945+01:00  INFO 28856 --- [cp-springboot] [restartedMain] o.s.b.a.e.web.EndpointLinksResolver      : Exposing 3 endpoints beneath base path '/actuator'
2025-12-05T20:02:20.969+01:00  INFO 28856 --- [cp-springboot] [restartedMain] o.s.boot.tomcat.TomcatWebServer          : Tomcat started on port 8080 (http) with context path '/'
2025-12-05T20:02:20.974+01:00  INFO 28856 --- [cp-springboot] [restartedMain] c.g.c.CpSpringbootApplication            : Started CpSpringbootApplication in 0.944 seconds (process running for 398.203)
2025-12-05T20:02:20.976+01:00  INFO 28856 --- [cp-springboot] [restartedMain] .ConditionEvaluationDeltaLoggingListener : Condition evaluation unchanged
2025-12-05T20:02:43.807+01:00  INFO 28856 --- [cp-springboot] [File Watcher] rtingClassPathChangeChangedEventListener : Restarting due to 1 class path change (0 additions, 0 deletions, 1 modification)
2025-12-05T20:02:43.808+01:00  INFO 28856 --- [cp-springboot] [Thread-9] o.s.boot.tomcat.GracefulShutdown         : Commencing graceful shutdown. Waiting for active requests to complete
2025-12-05T20:02:43.813+01:00  INFO 28856 --- [cp-springboot] [tomcat-shutdown] o.s.boot.tomcat.GracefulShutdown         : Graceful shutdown complete
2025-12-05T20:02:43.816+01:00  INFO 28856 --- [cp-springboot] [Thread-9] j.LocalContainerEntityManagerFactoryBean : Closing JPA EntityManagerFactory for persistence unit 'default'
2025-12-05T20:02:43.816+01:00  INFO 28856 --- [cp-springboot] [Thread-9] com.zaxxer.hikari.HikariDataSource       : HikariPool-3 - Shutdown initiated...
2025-12-05T20:02:43.818+01:00  INFO 28856 --- [cp-springboot] [Thread-9] com.zaxxer.hikari.HikariDataSource       : HikariPool-3 - Shutdown completed.
2025-12-05T20:02:43.918+01:00  INFO 28856 --- [cp-springboot] [restartedMain] c.g.c.CpSpringbootApplication            : Starting CpSpringbootApplication using Java 21.0.9 with PID 28856 (C:\Users\GoPc\Documents\GitHub\CP Plateform\cp-springboot\target\classes started by GoPc in C:\Users\GoPc\Documents\GitHub\CP Plateform\cp-springboot)
2025-12-05T20:02:43.920+01:00  INFO 28856 --- [cp-springboot] [restartedMain] c.g.c.CpSpringbootApplication            : No active profile set, falling back to 1 default profile: "default"
2025-12-05T20:02:44.155+01:00  INFO 28856 --- [cp-springboot] [restartedMain] .s.d.r.c.RepositoryConfigurationDelegate : Bootstrapping Spring Data JPA repositories in DEFAULT mode.
2025-12-05T20:02:44.170+01:00  INFO 28856 --- [cp-springboot] [restartedMain] .s.d.r.c.RepositoryConfigurationDelegate : Finished Spring Data repository scanning in 14 ms. Found 3 JPA repository interfaces.
2025-12-05T20:02:44.307+01:00  INFO 28856 --- [cp-springboot] [restartedMain] o.s.boot.tomcat.TomcatWebServer          : Tomcat initialized with port 8080 (http)
2025-12-05T20:02:44.308+01:00  INFO 28856 --- [cp-springboot] [restartedMain] o.apache.catalina.core.StandardService   : Starting service [Tomcat]
2025-12-05T20:02:44.309+01:00  INFO 28856 --- [cp-springboot] [restartedMain] o.apache.catalina.core.StandardEngine    : Starting Servlet engine: [Apache Tomcat/11.0.14]
2025-12-05T20:02:44.327+01:00  INFO 28856 --- [cp-springboot] [restartedMain] b.w.c.s.WebApplicationContextInitializer : Root WebApplicationContext: initialization completed in 405 ms
2025-12-05T20:02:44.401+01:00  INFO 28856 --- [cp-springboot] [restartedMain] o.hibernate.jpa.internal.util.LogHelper  : HHH000204: Processing PersistenceUnitInfo [name: default]
2025-12-05T20:02:44.430+01:00  INFO 28856 --- [cp-springboot] [restartedMain] o.s.o.j.p.SpringPersistenceUnitInfo      : No LoadTimeWeaver setup: ignoring JPA class transformer
2025-12-05T20:02:44.431+01:00  INFO 28856 --- [cp-springboot] [restartedMain] com.zaxxer.hikari.HikariDataSource       : HikariPool-4 - Starting...
2025-12-05T20:02:44.434+01:00  INFO 28856 --- [cp-springboot] [restartedMain] com.zaxxer.hikari.pool.HikariPool        : HikariPool-4 - Added connection com.mysql.cj.jdbc.ConnectionImpl@3bf0244
2025-12-05T20:02:44.436+01:00  INFO 28856 --- [cp-springboot] [restartedMain] com.zaxxer.hikari.HikariDataSource       : HikariPool-4 - Start completed.
2025-12-05T20:02:44.437+01:00  WARN 28856 --- [cp-springboot] [restartedMain] org.hibernate.dialect.Dialect            : HHH000511: The 5.5.5 version for [org.hibernate.dialect.MySQLDialect] is no longer supported, hence certain features may not work properly. The minimum supported version is 8.0.0. Check the community dialects project for available legacy versions.
2025-12-05T20:02:44.438+01:00  INFO 28856 --- [cp-springboot] [restartedMain] org.hibernate.orm.connections.pooling    : HHH10001005: Database info:
	Database JDBC URL [jdbc:mysql://localhost:3306/cp-plateforme]
	Database driver: MySQL Connector/J
	Database dialect: MySQLDialect
	Database version: 5.5.5
	Default catalog/schema: cp-plateforme/undefined
	Autocommit mode: undefined/unknown
	Isolation level: REPEATABLE_READ [default REPEATABLE_READ]
	JDBC fetch size: none
	Pool: DatasourceConnectionProviderImpl
	Minimum pool size: undefined/unknown
	Maximum pool size: undefined/unknown
2025-12-05T20:02:44.512+01:00  INFO 28856 --- [cp-springboot] [restartedMain] o.h.e.t.j.p.i.JtaPlatformInitiator       : HHH000489: No JTA platform available (set 'hibernate.transaction.jta.platform' to enable JTA platform integration)
2025-12-05T20:02:44.576+01:00  INFO 28856 --- [cp-springboot] [restartedMain] j.LocalContainerEntityManagerFactoryBean : Initialized JPA EntityManagerFactory for persistence unit 'default'
2025-12-05T20:02:44.653+01:00  WARN 28856 --- [cp-springboot] [restartedMain] JpaBaseConfiguration$JpaWebConfiguration : spring.jpa.open-in-view is enabled by default. Therefore, database queries may be performed during view rendering. Explicitly configure spring.jpa.open-in-view to disable this warning
2025-12-05T20:02:44.827+01:00  INFO 28856 --- [cp-springboot] [restartedMain] o.s.b.a.e.web.EndpointLinksResolver      : Exposing 3 endpoints beneath base path '/actuator'
2025-12-05T20:02:44.849+01:00  INFO 28856 --- [cp-springboot] [restartedMain] o.s.boot.tomcat.TomcatWebServer          : Tomcat started on port 8080 (http) with context path '/'
2025-12-05T20:02:44.854+01:00  INFO 28856 --- [cp-springboot] [restartedMain] c.g.c.CpSpringbootApplication            : Started CpSpringbootApplication in 0.964 seconds (process running for 422.083)
2025-12-05T20:02:44.856+01:00  INFO 28856 --- [cp-springboot] [restartedMain] .ConditionEvaluationDeltaLoggingListener : Condition evaluation unchanged
2025-12-05T20:02:47.338+01:00  INFO 28856 --- [cp-springboot] [SpringApplicationShutdownHook] o.s.boot.tomcat.GracefulShutdown         : Commencing graceful shutdown. Waiting for active requests to complete
2025-12-05T20:02:47.345+01:00  INFO 28856 --- [cp-springboot] [tomcat-shutdown] o.s.boot.tomcat.GracefulShutdown         : Graceful shutdown complete
2025-12-05T20:02:47.347+01:00  INFO 28856 --- [cp-springboot] [SpringApplicationShutdownHook] j.LocalContainerEntityManagerFactoryBean : Closing JPA EntityManagerFactory for persistence unit 'default'
2025-12-05T20:02:47.348+01:00  INFO 28856 --- [cp-springboot] [SpringApplicationShutdownHook] com.zaxxer.hikari.HikariDataSource       : HikariPool-4 - Shutdown initiated...
2025-12-05T20:02:47.351+01:00  INFO 28856 --- [cp-springboot] [SpringApplicationShutdownHook] com.zaxxer.hikari.HikariDataSource       : HikariPool-4 - Shutdown completed.
2025-12-05T20:02:50.054+01:00  INFO 2472 --- [cp-springboot] [restartedMain] c.g.c.CpSpringbootApplication            : Starting CpSpringbootApplication using Java 21.0.9 with PID 2472 (C:\Users\GoPc\Documents\GitHub\CP Plateform\cp-springboot\target\classes started by GoPc in C:\Users\GoPc\Documents\GitHub\CP Plateform\cp-springboot)
2025-12-05T20:02:50.059+01:00  INFO 2472 --- [cp-springboot] [restartedMain] c.g.c.CpSpringbootApplication            : No active profile set, falling back to 1 default profile: "default"
2025-12-05T20:02:50.137+01:00  INFO 2472 --- [cp-springboot] [restartedMain] .e.DevToolsPropertyDefaultsPostProcessor : Devtools property defaults active! Set 'spring.devtools.add-properties' to 'false' to disable
2025-12-05T20:02:50.137+01:00  INFO 2472 --- [cp-springboot] [restartedMain] .e.DevToolsPropertyDefaultsPostProcessor : For additional web related logging consider setting the 'logging.level.web' property to 'DEBUG'
2025-12-05T20:02:51.112+01:00  INFO 2472 --- [cp-springboot] [restartedMain] .s.d.r.c.RepositoryConfigurationDelegate : Bootstrapping Spring Data JPA repositories in DEFAULT mode.
2025-12-05T20:02:51.163+01:00  INFO 2472 --- [cp-springboot] [restartedMain] .s.d.r.c.RepositoryConfigurationDelegate : Finished Spring Data repository scanning in 41 ms. Found 3 JPA repository interfaces.
2025-12-05T20:02:51.683+01:00  INFO 2472 --- [cp-springboot] [restartedMain] o.s.boot.tomcat.TomcatWebServer          : Tomcat initialized with port 8080 (http)
2025-12-05T20:02:51.697+01:00  INFO 2472 --- [cp-springboot] [restartedMain] o.apache.catalina.core.StandardService   : Starting service [Tomcat]
2025-12-05T20:02:51.697+01:00  INFO 2472 --- [cp-springboot] [restartedMain] o.apache.catalina.core.StandardEngine    : Starting Servlet engine: [Apache Tomcat/11.0.14]
2025-12-05T20:02:51.743+01:00  INFO 2472 --- [cp-springboot] [restartedMain] b.w.c.s.WebApplicationContextInitializer : Root WebApplicationContext: initialization completed in 1605 ms
2025-12-05T20:02:52.021+01:00  INFO 2472 --- [cp-springboot] [restartedMain] o.hibernate.jpa.internal.util.LogHelper  : HHH000204: Processing PersistenceUnitInfo [name: default]
2025-12-05T20:02:52.070+01:00  INFO 2472 --- [cp-springboot] [restartedMain] org.hibernate.Version                    : HHH000412: Hibernate ORM core version 7.1.8.Final
2025-12-05T20:02:52.551+01:00  INFO 2472 --- [cp-springboot] [restartedMain] o.s.o.j.p.SpringPersistenceUnitInfo      : No LoadTimeWeaver setup: ignoring JPA class transformer
2025-12-05T20:02:52.584+01:00  INFO 2472 --- [cp-springboot] [restartedMain] com.zaxxer.hikari.HikariDataSource       : HikariPool-1 - Starting...
2025-12-05T20:02:52.735+01:00  INFO 2472 --- [cp-springboot] [restartedMain] com.zaxxer.hikari.pool.HikariPool        : HikariPool-1 - Added connection com.mysql.cj.jdbc.ConnectionImpl@64941106
2025-12-05T20:02:52.737+01:00  INFO 2472 --- [cp-springboot] [restartedMain] com.zaxxer.hikari.HikariDataSource       : HikariPool-1 - Start completed.
2025-12-05T20:02:52.792+01:00  WARN 2472 --- [cp-springboot] [restartedMain] org.hibernate.dialect.Dialect            : HHH000511: The 5.5.5 version for [org.hibernate.dialect.MySQLDialect] is no longer supported, hence certain features may not work properly. The minimum supported version is 8.0.0. Check the community dialects project for available legacy versions.
2025-12-05T20:02:52.813+01:00  INFO 2472 --- [cp-springboot] [restartedMain] org.hibernate.orm.connections.pooling    : HHH10001005: Database info:
	Database JDBC URL [jdbc:mysql://localhost:3306/cp-plateforme]
	Database driver: MySQL Connector/J
	Database dialect: MySQLDialect
	Database version: 5.5.5
	Default catalog/schema: cp-plateforme/undefined
	Autocommit mode: undefined/unknown
	Isolation level: REPEATABLE_READ [default REPEATABLE_READ]
	JDBC fetch size: none
	Pool: DatasourceConnectionProviderImpl
	Minimum pool size: undefined/unknown
	Maximum pool size: undefined/unknown
2025-12-05T20:02:53.807+01:00  INFO 2472 --- [cp-springboot] [restartedMain] o.h.e.t.j.p.i.JtaPlatformInitiator       : HHH000489: No JTA platform available (set 'hibernate.transaction.jta.platform' to enable JTA platform integration)
2025-12-05T20:02:53.924+01:00  INFO 2472 --- [cp-springboot] [restartedMain] j.LocalContainerEntityManagerFactoryBean : Initialized JPA EntityManagerFactory for persistence unit 'default'
2025-12-05T20:02:54.028+01:00  INFO 2472 --- [cp-springboot] [restartedMain] o.s.d.j.r.query.QueryEnhancerFactories   : Hibernate is in classpath; If applicable, HQL parser will be used.
2025-12-05T20:02:55.023+01:00  WARN 2472 --- [cp-springboot] [restartedMain] JpaBaseConfiguration$JpaWebConfiguration : spring.jpa.open-in-view is enabled by default. Therefore, database queries may be performed during view rendering. Explicitly configure spring.jpa.open-in-view to disable this warning
2025-12-05T20:02:55.581+01:00  INFO 2472 --- [cp-springboot] [restartedMain] o.s.b.a.e.web.EndpointLinksResolver      : Exposing 3 endpoints beneath base path '/actuator'
2025-12-05T20:02:55.660+01:00  INFO 2472 --- [cp-springboot] [restartedMain] o.s.boot.tomcat.TomcatWebServer          : Tomcat started on port 8080 (http) with context path '/'
2025-12-05T20:02:55.667+01:00  INFO 2472 --- [cp-springboot] [restartedMain] c.g.c.CpSpringbootApplication            : Started CpSpringbootApplication in 6.335 seconds (process running for 7.514)
2025-12-05T20:02:56.216+01:00  INFO 2472 --- [cp-springboot] [RMI TCP Connection(2)-192.155.55.3] o.a.c.c.C.[Tomcat].[localhost].[/]       : Initializing Spring DispatcherServlet 'dispatcherServlet'
2025-12-05T20:02:56.216+01:00  INFO 2472 --- [cp-springboot] [RMI TCP Connection(2)-192.155.55.3] o.s.web.servlet.DispatcherServlet        : Initializing Servlet 'dispatcherServlet'
2025-12-05T20:02:56.219+01:00  INFO 2472 --- [cp-springboot] [RMI TCP Connection(2)-192.155.55.3] o.s.web.servlet.DispatcherServlet        : Completed initialization in 3 ms
2025-12-05T20:18:19.600+01:00  WARN 2472 --- [cp-springboot] [HikariPool-1:housekeeper] com.zaxxer.hikari.pool.HikariPool        : HikariPool-1 - Thread starvation or clock leap detected (housekeeper delta=5m56s626ms831s499ns).
2025-12-05T20:37:37.735+01:00  WARN 2472 --- [cp-springboot] [HikariPool-1:housekeeper] com.zaxxer.hikari.pool.HikariPool        : HikariPool-1 - Thread starvation or clock leap detected (housekeeper delta=16m18s74ms816s200ns).
2025-12-05T20:39:28.318+01:00  WARN 2472 --- [cp-springboot] [HikariPool-1:housekeeper] com.zaxxer.hikari.pool.HikariPool        : HikariPool-1 - Thread starvation or clock leap detected (housekeeper delta=2m2s419ms591s99ns).
2025-12-05T20:52:48.456+01:00  WARN 2472 --- [cp-springboot] [HikariPool-1:housekeeper] com.zaxxer.hikari.pool.HikariPool        : HikariPool-1 - Thread starvation or clock leap detected (housekeeper delta=3m49s979ms410s200ns).
2025-12-05T20:53:40.250+01:00  INFO 2472 --- [cp-springboot] [File Watcher] rtingClassPathChangeChangedEventListener : Restarting due to 1 class path change (0 additions, 1 deletion, 0 modifications)
2025-12-05T20:53:40.255+01:00  INFO 2472 --- [cp-springboot] [Thread-1] o.s.boot.tomcat.GracefulShutdown         : Commencing graceful shutdown. Waiting for active requests to complete
2025-12-05T20:53:40.261+01:00  INFO 2472 --- [cp-springboot] [tomcat-shutdown] o.s.boot.tomcat.GracefulShutdown         : Graceful shutdown complete
2025-12-05T20:53:40.268+01:00  INFO 2472 --- [cp-springboot] [Thread-1] j.LocalContainerEntityManagerFactoryBean : Closing JPA EntityManagerFactory for persistence unit 'default'
2025-12-05T20:53:40.271+01:00  INFO 2472 --- [cp-springboot] [Thread-1] com.zaxxer.hikari.HikariDataSource       : HikariPool-1 - Shutdown initiated...
2025-12-05T20:53:40.274+01:00  INFO 2472 --- [cp-springboot] [Thread-1] com.zaxxer.hikari.HikariDataSource       : HikariPool-1 - Shutdown completed.
2025-12-05T20:53:40.397+01:00  INFO 2472 --- [cp-springboot] [restartedMain] c.g.c.CpSpringbootApplication            : Starting CpSpringbootApplication using Java 21.0.9 with PID 2472 (C:\Users\GoPc\Documents\GitHub\CP Plateform\cp-springboot\target\classes started by GoPc in C:\Users\GoPc\Documents\GitHub\CP Plateform\cp-springboot)
2025-12-05T20:53:40.397+01:00  INFO 2472 --- [cp-springboot] [restartedMain] c.g.c.CpSpringbootApplication            : No active profile set, falling back to 1 default profile: "default"
2025-12-05T20:53:40.736+01:00  INFO 2472 --- [cp-springboot] [restartedMain] .s.d.r.c.RepositoryConfigurationDelegate : Bootstrapping Spring Data JPA repositories in DEFAULT mode.
2025-12-05T20:53:40.752+01:00  INFO 2472 --- [cp-springboot] [restartedMain] .s.d.r.c.RepositoryConfigurationDelegate : Finished Spring Data repository scanning in 14 ms. Found 3 JPA repository interfaces.
2025-12-05T20:53:40.902+01:00  INFO 2472 --- [cp-springboot] [restartedMain] o.s.boot.tomcat.TomcatWebServer          : Tomcat initialized with port 8080 (http)
2025-12-05T20:53:40.903+01:00  INFO 2472 --- [cp-springboot] [restartedMain] o.apache.catalina.core.StandardService   : Starting service [Tomcat]
2025-12-05T20:53:40.903+01:00  INFO 2472 --- [cp-springboot] [restartedMain] o.apache.catalina.core.StandardEngine    : Starting Servlet engine: [Apache Tomcat/11.0.14]
2025-12-05T20:53:40.925+01:00  INFO 2472 --- [cp-springboot] [restartedMain] b.w.c.s.WebApplicationContextInitializer : Root WebApplicationContext: initialization completed in 526 ms
2025-12-05T20:53:41.100+01:00  INFO 2472 --- [cp-springboot] [restartedMain] o.hibernate.jpa.internal.util.LogHelper  : HHH000204: Processing PersistenceUnitInfo [name: default]
2025-12-05T20:53:41.157+01:00  INFO 2472 --- [cp-springboot] [restartedMain] o.s.o.j.p.SpringPersistenceUnitInfo      : No LoadTimeWeaver setup: ignoring JPA class transformer
2025-12-05T20:53:41.160+01:00  INFO 2472 --- [cp-springboot] [restartedMain] com.zaxxer.hikari.HikariDataSource       : HikariPool-2 - Starting...
2025-12-05T20:53:41.164+01:00  INFO 2472 --- [cp-springboot] [restartedMain] com.zaxxer.hikari.pool.HikariPool        : HikariPool-2 - Added connection com.mysql.cj.jdbc.ConnectionImpl@55b57eec
2025-12-05T20:53:41.164+01:00  INFO 2472 --- [cp-springboot] [restartedMain] com.zaxxer.hikari.HikariDataSource       : HikariPool-2 - Start completed.
2025-12-05T20:53:41.168+01:00  WARN 2472 --- [cp-springboot] [restartedMain] org.hibernate.dialect.Dialect            : HHH000511: The 5.5.5 version for [org.hibernate.dialect.MySQLDialect] is no longer supported, hence certain features may not work properly. The minimum supported version is 8.0.0. Check the community dialects project for available legacy versions.
2025-12-05T20:53:41.169+01:00  INFO 2472 --- [cp-springboot] [restartedMain] org.hibernate.orm.connections.pooling    : HHH10001005: Database info:
	Database JDBC URL [jdbc:mysql://localhost:3306/cp-plateforme]
	Database driver: MySQL Connector/J
	Database dialect: MySQLDialect
	Database version: 5.5.5
	Default catalog/schema: cp-plateforme/undefined
	Autocommit mode: undefined/unknown
	Isolation level: REPEATABLE_READ [default REPEATABLE_READ]
	JDBC fetch size: none
	Pool: DatasourceConnectionProviderImpl
	Minimum pool size: undefined/unknown
	Maximum pool size: undefined/unknown
2025-12-05T20:53:41.284+01:00  INFO 2472 --- [cp-springboot] [restartedMain] o.h.e.t.j.p.i.JtaPlatformInitiator       : HHH000489: No JTA platform available (set 'hibernate.transaction.jta.platform' to enable JTA platform integration)
2025-12-05T20:53:41.336+01:00  INFO 2472 --- [cp-springboot] [restartedMain] j.LocalContainerEntityManagerFactoryBean : Initialized JPA EntityManagerFactory for persistence unit 'default'
2025-12-05T20:53:41.482+01:00  WARN 2472 --- [cp-springboot] [restartedMain] JpaBaseConfiguration$JpaWebConfiguration : spring.jpa.open-in-view is enabled by default. Therefore, database queries may be performed during view rendering. Explicitly configure spring.jpa.open-in-view to disable this warning
2025-12-05T20:53:41.755+01:00  INFO 2472 --- [cp-springboot] [restartedMain] o.s.b.a.e.web.EndpointLinksResolver      : Exposing 3 endpoints beneath base path '/actuator'
2025-12-05T20:53:41.778+01:00  INFO 2472 --- [cp-springboot] [restartedMain] o.s.boot.tomcat.TomcatWebServer          : Tomcat started on port 8080 (http) with context path '/'
2025-12-05T20:53:41.780+01:00  INFO 2472 --- [cp-springboot] [restartedMain] c.g.c.CpSpringbootApplication            : Started CpSpringbootApplication in 1.412 seconds (process running for 3065.464)
2025-12-05T20:53:41.783+01:00  INFO 2472 --- [cp-springboot] [restartedMain] .ConditionEvaluationDeltaLoggingListener : Condition evaluation unchanged
2025-12-05T20:53:43.153+01:00  INFO 2472 --- [cp-springboot] [File Watcher] rtingClassPathChangeChangedEventListener : Restarting due to 1 class path change (1 addition, 0 deletions, 0 modifications)
2025-12-05T20:53:43.157+01:00  INFO 2472 --- [cp-springboot] [Thread-5] o.s.boot.tomcat.GracefulShutdown         : Commencing graceful shutdown. Waiting for active requests to complete
2025-12-05T20:53:43.174+01:00  INFO 2472 --- [cp-springboot] [tomcat-shutdown] o.s.boot.tomcat.GracefulShutdown         : Graceful shutdown complete
2025-12-05T20:53:43.180+01:00  INFO 2472 --- [cp-springboot] [Thread-5] j.LocalContainerEntityManagerFactoryBean : Closing JPA EntityManagerFactory for persistence unit 'default'
2025-12-05T20:53:43.182+01:00  INFO 2472 --- [cp-springboot] [Thread-5] com.zaxxer.hikari.HikariDataSource       : HikariPool-2 - Shutdown initiated...
2025-12-05T20:53:43.185+01:00  INFO 2472 --- [cp-springboot] [Thread-5] com.zaxxer.hikari.HikariDataSource       : HikariPool-2 - Shutdown completed.
